{"level":"error","message":"File too large","method":"PUT","service":"administracion-gomux-backend","stack":"MulterError: File too large\n    at abortWithCode (C:\\Users\\sergi\\Documents\\GitHub\\administracion_gomux\\backend\\node_modules\\multer\\lib\\make-middleware.js:73:22)\n    at FileStream.<anonymous> (C:\\Users\\sergi\\Documents\\GitHub\\administracion_gomux\\backend\\node_modules\\multer\\lib\\make-middleware.js:136:11)\n    at FileStream.emit (node:events:514:28)\n    at SBMH.ssCb [as _cb] (C:\\Users\\sergi\\Documents\\GitHub\\administracion_gomux\\backend\\node_modules\\busboy\\lib\\types\\multipart.js:479:32)\n    at feed (C:\\Users\\sergi\\Documents\\GitHub\\administracion_gomux\\backend\\node_modules\\streamsearch\\lib\\sbmh.js:248:10)\n    at SBMH.push (C:\\Users\\sergi\\Documents\\GitHub\\administracion_gomux\\backend\\node_modules\\streamsearch\\lib\\sbmh.js:104:16)\n    at Multipart._write (C:\\Users\\sergi\\Documents\\GitHub\\administracion_gomux\\backend\\node_modules\\busboy\\lib\\types\\multipart.js:567:19)\n    at writeOrBuffer (node:internal/streams/writable:447:12)\n    at _write (node:internal/streams/writable:389:10)\n    at Writable.write (node:internal/streams/writable:393:10)","timestamp":"2026-01-12 19:54:28","url":"/api/productos/1"}
{"level":"error","message":"File too large","method":"PUT","service":"administracion-gomux-backend","stack":"MulterError: File too large\n    at abortWithCode (C:\\Users\\sergi\\Documents\\GitHub\\administracion_gomux\\backend\\node_modules\\multer\\lib\\make-middleware.js:73:22)\n    at FileStream.<anonymous> (C:\\Users\\sergi\\Documents\\GitHub\\administracion_gomux\\backend\\node_modules\\multer\\lib\\make-middleware.js:136:11)\n    at FileStream.emit (node:events:514:28)\n    at SBMH.ssCb [as _cb] (C:\\Users\\sergi\\Documents\\GitHub\\administracion_gomux\\backend\\node_modules\\busboy\\lib\\types\\multipart.js:479:32)\n    at feed (C:\\Users\\sergi\\Documents\\GitHub\\administracion_gomux\\backend\\node_modules\\streamsearch\\lib\\sbmh.js:248:10)\n    at SBMH.push (C:\\Users\\sergi\\Documents\\GitHub\\administracion_gomux\\backend\\node_modules\\streamsearch\\lib\\sbmh.js:104:16)\n    at Multipart._write (C:\\Users\\sergi\\Documents\\GitHub\\administracion_gomux\\backend\\node_modules\\busboy\\lib\\types\\multipart.js:567:19)\n    at writeOrBuffer (node:internal/streams/writable:447:12)\n    at _write (node:internal/streams/writable:389:10)\n    at Writable.write (node:internal/streams/writable:393:10)","timestamp":"2026-01-12 19:54:39","url":"/api/productos/1"}
{"level":"error","message":"File too large","method":"PUT","service":"administracion-gomux-backend","stack":"MulterError: File too large\n    at abortWithCode (C:\\Users\\sergi\\Documents\\GitHub\\administracion_gomux\\backend\\node_modules\\multer\\lib\\make-middleware.js:73:22)\n    at FileStream.<anonymous> (C:\\Users\\sergi\\Documents\\GitHub\\administracion_gomux\\backend\\node_modules\\multer\\lib\\make-middleware.js:136:11)\n    at FileStream.emit (node:events:514:28)\n    at SBMH.ssCb [as _cb] (C:\\Users\\sergi\\Documents\\GitHub\\administracion_gomux\\backend\\node_modules\\busboy\\lib\\types\\multipart.js:479:32)\n    at feed (C:\\Users\\sergi\\Documents\\GitHub\\administracion_gomux\\backend\\node_modules\\streamsearch\\lib\\sbmh.js:248:10)\n    at SBMH.push (C:\\Users\\sergi\\Documents\\GitHub\\administracion_gomux\\backend\\node_modules\\streamsearch\\lib\\sbmh.js:104:16)\n    at Multipart._write (C:\\Users\\sergi\\Documents\\GitHub\\administracion_gomux\\backend\\node_modules\\busboy\\lib\\types\\multipart.js:567:19)\n    at writeOrBuffer (node:internal/streams/writable:447:12)\n    at _write (node:internal/streams/writable:389:10)\n    at Writable.write (node:internal/streams/writable:393:10)","timestamp":"2026-01-12 19:54:57","url":"/api/productos/1"}
{"level":"error","message":"❌ Archivo no encontrado: C:\\Users\\sergi\\Documents\\GitHub\\administracion_gomux\\uploads\\producto-1768265906387-9167830.png","service":"administracion-gomux-backend","timestamp":"2026-01-12 20:25:05"}
{"level":"error","message":"❌ Archivo no encontrado: C:\\Users\\sergi\\Documents\\GitHub\\administracion_gomux\\uploads\\producto-1768265906387-9167830.png","service":"administracion-gomux-backend","timestamp":"2026-01-12 20:25:06"}
{"level":"error","message":"❌ Archivo no encontrado: C:\\Users\\sergi\\Documents\\GitHub\\administracion_gomux\\uploads\\producto-1768265906387-9167830.png","service":"administracion-gomux-backend","timestamp":"2026-01-12 20:25:07"}
{"level":"error","message":"❌ Archivo no encontrado: C:\\Users\\sergi\\Documents\\GitHub\\gomux_backend\\uploads\\banner-1768617369460-823719533.jpg","service":"administracion-gomux-backend","timestamp":"2026-02-04 18:54:50"}
{"level":"error","message":"❌ Archivo no encontrado: C:\\Users\\sergi\\Documents\\GitHub\\gomux_backend\\uploads\\banner-1768616726092-871310588.jpg","service":"administracion-gomux-backend","timestamp":"2026-02-04 18:54:55"}
{"level":"error","message":"❌ Archivo no encontrado: C:\\Users\\sergi\\Documents\\GitHub\\gomux_backend\\uploads\\banner-1768617369460-823719533.jpg","service":"administracion-gomux-backend","timestamp":"2026-02-04 19:13:04"}
{"level":"error","message":"❌ Archivo no encontrado: C:\\Users\\sergi\\Documents\\GitHub\\gomux_backend\\uploads\\banner-1768616726092-871310588.jpg","service":"administracion-gomux-backend","timestamp":"2026-02-04 19:13:09"}
{"level":"error","message":"❌ Archivo no encontrado: C:\\Users\\sergi\\Documents\\GitHub\\gomux_backend\\uploads\\banner-1768617369460-823719533.jpg","service":"administracion-gomux-backend","timestamp":"2026-02-04 19:15:09"}
{"level":"error","message":"❌ Archivo no encontrado: C:\\Users\\sergi\\Documents\\GitHub\\gomux_backend\\uploads\\banner-1768617369460-823719533.jpg","service":"administracion-gomux-backend","timestamp":"2026-02-04 19:15:11"}
{"level":"error","message":"❌ Archivo no encontrado: C:\\Users\\sergi\\Documents\\GitHub\\gomux_backend\\uploads\\banner-1768617369460-823719533.jpg","service":"administracion-gomux-backend","timestamp":"2026-02-04 19:15:15"}
{"level":"error","message":"❌ Archivo no encontrado: C:\\Users\\sergi\\Documents\\GitHub\\gomux_backend\\uploads\\banner-1768616726092-871310588.jpg","service":"administracion-gomux-backend","timestamp":"2026-02-04 19:15:20"}
{"level":"error","message":"❌ Archivo no encontrado: C:\\Users\\sergi\\Documents\\GitHub\\gomux_backend\\uploads\\banner-1768617369460-823719533.jpg","service":"administracion-gomux-backend","timestamp":"2026-02-04 19:15:37"}
{"level":"error","message":"❌ Archivo no encontrado: C:\\Users\\sergi\\Documents\\GitHub\\gomux_backend\\uploads\\banner-1768617369460-823719533.jpg","service":"administracion-gomux-backend","timestamp":"2026-02-04 19:15:42"}
{"level":"error","message":"❌ Archivo no encontrado: C:\\Users\\sergi\\Documents\\GitHub\\gomux_backend\\uploads\\banner-1768616726092-871310588.jpg","service":"administracion-gomux-backend","timestamp":"2026-02-04 19:15:47"}
{"level":"error","message":"❌ Archivo no encontrado: C:\\Users\\sergi\\Documents\\GitHub\\gomux_backend\\uploads\\banner-1768617369460-823719533.jpg","service":"administracion-gomux-backend","timestamp":"2026-02-04 19:25:02"}
{"level":"error","message":"❌ Archivo no encontrado: C:\\Users\\sergi\\Documents\\GitHub\\gomux_backend\\uploads\\banner-1768616726092-871310588.jpg","service":"administracion-gomux-backend","timestamp":"2026-02-04 19:25:07"}
{"level":"error","message":"❌ Archivo no encontrado: C:\\Users\\sergi\\Documents\\GitHub\\gomux_backend\\uploads\\banner-1768617369460-823719533.jpg","service":"administracion-gomux-backend","timestamp":"2026-02-04 19:26:02"}
{"level":"error","message":"❌ Archivo no encontrado: C:\\Users\\sergi\\Documents\\GitHub\\gomux_backend\\uploads\\banner-1768616726092-871310588.jpg","service":"administracion-gomux-backend","timestamp":"2026-02-04 19:26:02"}
{"level":"error","message":"❌ Archivo no encontrado: C:\\Users\\sergi\\Documents\\GitHub\\gomux_backend\\uploads\\banner-1768617369460-823719533.jpg","service":"administracion-gomux-backend","timestamp":"2026-02-04 19:30:32"}
{"level":"error","message":"❌ Archivo no encontrado: C:\\Users\\sergi\\Documents\\GitHub\\gomux_backend\\uploads\\banner-1768616726092-871310588.jpg","service":"administracion-gomux-backend","timestamp":"2026-02-04 19:30:32"}
{"level":"error","message":"❌ Archivo no encontrado: C:\\Users\\sergi\\Documents\\GitHub\\gomux_backend\\uploads\\banner-1768617369460-823719533.jpg","service":"administracion-gomux-backend","timestamp":"2026-02-04 19:30:33"}
{"level":"error","message":"❌ Archivo no encontrado: C:\\Users\\sergi\\Documents\\GitHub\\gomux_backend\\uploads\\banner-1768616726092-871310588.jpg","service":"administracion-gomux-backend","timestamp":"2026-02-04 19:30:33"}
{"level":"error","message":"❌ Archivo no encontrado: C:\\Users\\sergi\\Documents\\GitHub\\gomux_backend\\uploads\\banner-1768617369460-823719533.jpg","service":"administracion-gomux-backend","timestamp":"2026-02-04 19:30:36"}
{"level":"error","message":"❌ Archivo no encontrado: C:\\Users\\sergi\\Documents\\GitHub\\gomux_backend\\uploads\\banner-1768616726092-871310588.jpg","service":"administracion-gomux-backend","timestamp":"2026-02-04 19:30:36"}
{"level":"error","message":"❌ Archivo no encontrado: C:\\Users\\sergi\\Documents\\GitHub\\gomux_backend\\uploads\\banner-1768617369460-823719533.jpg","service":"administracion-gomux-backend","timestamp":"2026-02-04 19:30:40"}
{"level":"error","message":"❌ Archivo no encontrado: C:\\Users\\sergi\\Documents\\GitHub\\gomux_backend\\uploads\\banner-1768616726092-871310588.jpg","service":"administracion-gomux-backend","timestamp":"2026-02-04 19:30:40"}
{"level":"error","message":"❌ Archivo no encontrado: C:\\Users\\sergi\\Documents\\GitHub\\gomux_backend\\uploads\\banner-1768617369460-823719533.jpg","service":"administracion-gomux-backend","timestamp":"2026-02-04 19:37:27"}
{"level":"error","message":"❌ Archivo no encontrado: C:\\Users\\sergi\\Documents\\GitHub\\gomux_backend\\uploads\\banner-1768617369460-823719533.jpg","service":"administracion-gomux-backend","timestamp":"2026-02-04 19:37:32"}
{"level":"error","message":"❌ Archivo no encontrado: C:\\Users\\sergi\\Documents\\GitHub\\gomux_backend\\uploads\\banner-1768616726092-871310588.jpg","service":"administracion-gomux-backend","timestamp":"2026-02-04 19:37:37"}
{"level":"error","message":"❌ Archivo no encontrado: C:\\Users\\sergi\\Documents\\GitHub\\gomux_backend\\uploads\\banner-1768617369460-823719533.jpg","service":"administracion-gomux-backend","timestamp":"2026-02-04 19:37:39"}
{"level":"error","message":"❌ Archivo no encontrado: C:\\Users\\sergi\\Documents\\GitHub\\gomux_backend\\uploads\\banner-1768616726092-871310588.jpg","service":"administracion-gomux-backend","timestamp":"2026-02-04 19:37:39"}
{"level":"error","message":"❌ Archivo no encontrado: C:\\Users\\sergi\\Documents\\GitHub\\gomux_backend\\uploads\\banner-1768617369460-823719533.jpg","service":"administracion-gomux-backend","timestamp":"2026-02-04 19:38:15"}
{"level":"error","message":"❌ Archivo no encontrado: C:\\Users\\sergi\\Documents\\GitHub\\gomux_backend\\uploads\\banner-1768616726092-871310588.jpg","service":"administracion-gomux-backend","timestamp":"2026-02-04 19:38:15"}
{"level":"error","message":"❌ Archivo no encontrado: C:\\Users\\sergi\\Documents\\GitHub\\gomux_backend\\uploads\\banner-1768617369460-823719533.jpg","service":"administracion-gomux-backend","timestamp":"2026-02-04 19:38:19"}
{"level":"error","message":"❌ Archivo no encontrado: C:\\Users\\sergi\\Documents\\GitHub\\gomux_backend\\uploads\\banner-1768616726092-871310588.jpg","service":"administracion-gomux-backend","timestamp":"2026-02-04 19:38:19"}
{"level":"error","message":"❌ Archivo no encontrado: C:\\Users\\sergi\\Documents\\GitHub\\gomux_backend\\uploads\\banner-1768617369460-823719533.jpg","service":"administracion-gomux-backend","timestamp":"2026-02-04 19:39:26"}
{"level":"error","message":"❌ Archivo no encontrado: C:\\Users\\sergi\\Documents\\GitHub\\gomux_backend\\uploads\\banner-1768616726092-871310588.jpg","service":"administracion-gomux-backend","timestamp":"2026-02-04 19:39:26"}
{"level":"error","message":"❌ Archivo no encontrado: C:\\Users\\sergi\\Documents\\GitHub\\gomux_backend\\uploads\\banner-1768617369460-823719533.jpg","service":"administracion-gomux-backend","timestamp":"2026-02-04 19:59:49"}
{"level":"error","message":"❌ Archivo no encontrado: C:\\Users\\sergi\\Documents\\GitHub\\gomux_backend\\uploads\\banner-1768616726092-871310588.jpg","service":"administracion-gomux-backend","timestamp":"2026-02-04 19:59:54"}
{"level":"error","message":"❌ Archivo no encontrado: C:\\Users\\sergi\\Documents\\GitHub\\gomux_backend\\uploads\\banner-1768617369460-823719533.jpg","service":"administracion-gomux-backend","timestamp":"2026-02-04 19:59:59"}
{"level":"error","message":"❌ Archivo no encontrado: C:\\Users\\sergi\\Documents\\GitHub\\gomux_backend\\uploads\\banner-1768616726092-871310588.jpg","service":"administracion-gomux-backend","timestamp":"2026-02-04 20:00:04"}
{"level":"error","message":"❌ Archivo no encontrado: C:\\Users\\sergi\\Documents\\GitHub\\gomux_backend\\uploads\\banner-1768617369460-823719533.jpg","service":"administracion-gomux-backend","timestamp":"2026-02-04 20:00:29"}
{"level":"error","message":"❌ Archivo no encontrado: C:\\Users\\sergi\\Documents\\GitHub\\gomux_backend\\uploads\\banner-1768616726092-871310588.jpg","service":"administracion-gomux-backend","timestamp":"2026-02-04 20:00:34"}
{"level":"error","message":"❌ Archivo no encontrado: C:\\Users\\sergi\\Documents\\GitHub\\gomux_backend\\uploads\\banner-1768617369460-823719533.jpg","service":"administracion-gomux-backend","timestamp":"2026-02-04 20:00:39"}
{"level":"error","message":"❌ Archivo no encontrado: C:\\Users\\sergi\\Documents\\GitHub\\gomux_backend\\uploads\\banner-1768616726092-871310588.jpg","service":"administracion-gomux-backend","timestamp":"2026-02-04 20:00:39"}
{"level":"error","message":"❌ Archivo no encontrado: C:\\Users\\sergi\\Documents\\GitHub\\gomux_backend\\uploads\\banner-1768617369460-823719533.jpg","service":"administracion-gomux-backend","timestamp":"2026-02-04 20:00:50"}
{"level":"error","message":"❌ Archivo no encontrado: C:\\Users\\sergi\\Documents\\GitHub\\gomux_backend\\uploads\\banner-1768616726092-871310588.jpg","service":"administracion-gomux-backend","timestamp":"2026-02-04 20:00:55"}
{"level":"error","message":"❌ Archivo no encontrado: C:\\Users\\sergi\\Documents\\GitHub\\gomux_backend\\uploads\\banner-1768617369460-823719533.jpg","service":"administracion-gomux-backend","timestamp":"2026-02-04 20:01:12"}
{"level":"error","message":"❌ Archivo no encontrado: C:\\Users\\sergi\\Documents\\GitHub\\gomux_backend\\uploads\\banner-1768616726092-871310588.jpg","service":"administracion-gomux-backend","timestamp":"2026-02-04 20:01:12"}
{"errors":{"address_to":{"phone":["es demasiado corto (mínimo son 10 caracteres)"]}},"level":"error","message":"Skydropx create quotation error:","service":"administracion-gomux-backend","timestamp":"2026-02-04 21:04:12"}
{"errors":{"address_to":{"postal_code":["no existe"]}},"level":"error","message":"Skydropx create quotation error:","service":"administracion-gomux-backend","timestamp":"2026-02-04 21:04:53"}
